<?xml version="1.0" encoding="UTF-8"?><testsuite errors="0" failures="0" name="com.studentapp.junit.studentsinfo.StudentsCRUDTest" skipped="0" tests="4" time="4.56" timestamp="2017-10-275 09:40:51"><testcase classname="com.studentapp.junit.studentsinfo.StudentsCRUDTest" name="This will hit the POST Request and create the student"/><testcase classname="com.studentapp.junit.studentsinfo.StudentsCRUDTest" name="Verify If the student was added in the app"/><testcase classname="com.studentapp.junit.studentsinfo.StudentsCRUDTest" name="Update The User and verify the updated information"/><testcase classname="com.studentapp.junit.studentsinfo.StudentsCRUDTest" name="Delete The student and verify the deletion occurs"/></testsuite>