<?xml version="1.0" encoding="UTF-8"?>
<testng-results skipped="0" failed="0" ignored="0" total="1" passed="1">
  <reporter-output>
  </reporter-output>
  <suite name="Default suite" duration-ms="1885" started-at="2017-05-20T07:17:55Z" finished-at="2017-05-20T07:17:57Z">
    <groups>
    </groups>
    <test name="Default test" duration-ms="1885" started-at="2017-05-20T07:17:55Z" finished-at="2017-05-20T07:17:57Z">
      <class name="io.javabrains.springbootstarter.HelloWorldRestAssured">
        <test-method status="PASS" signature="makeSureThatGoogleIsUp()[pri:0, instance:io.javabrains.springbootstarter.HelloWorldRestAssured@26653222]" name="makeSureThatGoogleIsUp" duration-ms="1868" started-at="2017-05-20T12:47:55Z" finished-at="2017-05-20T12:47:57Z">
          <reporter-output>
          </reporter-output>
        </test-method> <!-- makeSureThatGoogleIsUp -->
      </class> <!-- io.javabrains.springbootstarter.HelloWorldRestAssured -->
    </test> <!-- Default test -->
  </suite> <!-- Default suite -->
</testng-results>
